{"/home/grizzly/Projects/huzin-service/src/shared/lib/util/cookieTools.ts": {"path":"/home/grizzly/Projects/huzin-service/src/shared/lib/util/cookieTools.ts","all":false,"statementMap":{"0":{"start":{"line":1,"column":0},"end":{"line":1,"column":69}},"1":{"start":{"line":2,"column":0},"end":{"line":2,"column":67}},"2":{"start":{"line":3,"column":0},"end":{"line":3,"column":19}},"3":{"start":{"line":4,"column":0},"end":{"line":4,"column":13}},"4":{"start":{"line":5,"column":0},"end":{"line":5,"column":28}},"5":{"start":{"line":6,"column":0},"end":{"line":6,"column":62}},"6":{"start":{"line":7,"column":0},"end":{"line":7,"column":47}},"7":{"start":{"line":8,"column":0},"end":{"line":8,"column":3}},"8":{"start":{"line":9,"column":0},"end":{"line":9,"column":88}},"9":{"start":{"line":10,"column":0},"end":{"line":10,"column":2}},"10":{"start":{"line":11,"column":0},"end":{"line":11,"column":44}},"11":{"start":{"line":12,"column":0},"end":{"line":12,"column":28}},"12":{"start":{"line":13,"column":0},"end":{"line":13,"column":40}},"13":{"start":{"line":14,"column":0},"end":{"line":14,"column":39}},"14":{"start":{"line":15,"column":0},"end":{"line":15,"column":18}},"15":{"start":{"line":16,"column":0},"end":{"line":16,"column":0}},"16":{"start":{"line":17,"column":0},"end":{"line":17,"column":32}},"17":{"start":{"line":18,"column":0},"end":{"line":18,"column":35}},"18":{"start":{"line":19,"column":0},"end":{"line":19,"column":5}},"19":{"start":{"line":20,"column":0},"end":{"line":20,"column":33}},"20":{"start":{"line":21,"column":0},"end":{"line":21,"column":50}},"21":{"start":{"line":22,"column":0},"end":{"line":22,"column":5}},"22":{"start":{"line":23,"column":0},"end":{"line":23,"column":3}},"23":{"start":{"line":24,"column":0},"end":{"line":24,"column":14}},"24":{"start":{"line":25,"column":0},"end":{"line":25,"column":2}},"25":{"start":{"line":26,"column":0},"end":{"line":26,"column":46}},"26":{"start":{"line":27,"column":0},"end":{"line":27,"column":79}},"27":{"start":{"line":28,"column":0},"end":{"line":28,"column":2}}},"s":{"0":1,"1":0,"2":0,"3":0,"4":0,"5":0,"6":0,"7":0,"8":0,"9":0,"10":1,"11":1,"12":1,"13":1,"14":0,"15":0,"16":0,"17":0,"18":0,"19":0,"20":0,"21":0,"22":0,"23":0,"24":0,"25":1,"26":0,"27":0},"branchMap":{"0":{"type":"branch","line":11,"loc":{"start":{"line":11,"column":25},"end":{"line":25,"column":2}},"locations":[{"start":{"line":11,"column":25},"end":{"line":25,"column":2}}]},"1":{"type":"branch","line":14,"loc":{"start":{"line":14,"column":38},"end":{"line":25,"column":2}},"locations":[{"start":{"line":14,"column":38},"end":{"line":25,"column":2}}]}},"b":{"0":[1],"1":[0]},"fnMap":{"0":{"name":"setCookie","decl":{"start":{"line":1,"column":25},"end":{"line":10,"column":2}},"loc":{"start":{"line":1,"column":25},"end":{"line":10,"column":2}},"line":1},"1":{"name":"getCookie","decl":{"start":{"line":11,"column":25},"end":{"line":25,"column":2}},"loc":{"start":{"line":11,"column":25},"end":{"line":25,"column":2}},"line":11},"2":{"name":"eraseCookie","decl":{"start":{"line":26,"column":27},"end":{"line":28,"column":2}},"loc":{"start":{"line":26,"column":27},"end":{"line":28,"column":2}},"line":26}},"f":{"0":0,"1":1,"2":0}}
}
